
[1;34m╔══════════════════════════════════════════════╗[0m
[1;34m║       NokiCam Installer — CachyOS/Arch      ║[0m
[1;34m╚══════════════════════════════════════════════╝[0m

[1;33m[1/7] Checking system...[0m
  [0;32m✔[0m  pacman found — Arch-based system confirmed

[1;33m[2/7] Checking Python...[0m
  [0;32m✔[0m  Python 3.14 found at /usr/bin/python3
  [0;32m✔[0m  pip 26.0.1 found

[1;33m[3/7] Checking v4l2loopback kernel module...[0m
  [0;32m✔[0m  v4l2loopback-dkms already installed
  [0;32m✔[0m  v4l2loopback-utils already installed

[1;33m[4/7] Loading v4l2loopback module...[0m
  [0;36m→[0m  Loading v4l2loopback with: devices=1 video_nr=10 card_label=VirtualCam exclusive_caps=1
  [0;32m✔[0m  v4l2loopback loaded → /dev/video10 (VirtualCam)
  [1;34m–[0m  Module auto-load already configured (/etc/modules-load.d/v4l2loopback.conf)
  [1;34m–[0m  Module options already configured (/etc/modprobe.d/v4l2loopback.conf)

[1;33m[5/7] Setting up Python virtual environment + packages...[0m
  [1;34m–[0m  Virtual environment already exists (/home/nokikuji/Documents/NokiCam/.venv)
  [0;32m✔[0m  opencv-python 4.13.0
  [0;32m✔[0m  numpy 2.4.3
  [0;32m✔[0m  pyvirtualcam 0.15.0
  [1;34m–[0m  All Python packages already present in venv
  [0;32m✔[0m  Activation helper written → activate.sh

[1;33m[6/7] Installing application launcher entry...[0m
  [0;32m✔[0m  Launcher script written → nokicam-launch.sh
  [0;32m✔[0m  Desktop entry installed → /home/nokikuji/.local/share/applications/nokicam.desktop
  [1;34m–[0m  NokiCam will appear in your application launcher

[1;33m[7/7] Smoke test...[0m
  opencv        4.13.0
  numpy         2.4.3
  pyvirtualcam  ok
  [0;32m✔[0m  /dev/video10 exists — virtual camera ready

[0;32m╔══════════════════════════════════════════════╗[0m
[0;32m║           Installation complete!            ║[0m
[0;32m╚══════════════════════════════════════════════╝[0m

  [0;36mReady to go![0m Default config for common webcams is included.

  [0;36m1.[0m Launch NokiCam from your [1;33mapplication launcher[0m (search: NokiCam)
       or from terminal: [1;33mbash nokicam-launch.sh[0m

  [0;36m2.[0m In Zoom / Meet / OBS → select [1;33mVirtualCam[0m as your camera

  [0;36m3.[0m Use the on-screen sliders to fine-tune distortion + zoom live

  [1;34mOptional:[0m For pixel-perfect calibration with your specific camera,
  print a 9×6 checkerboard pattern and run:
       [1;33msource activate.sh && python calibrate.py[0m

